<?xml version="1.0" encoding="UTF-8"?>
<!-- Generated by org.testng.reporters.JUnitReportReporter -->
<testsuite skipped="0" hostname="DESKTOP-8KHQ57F" name="io.duotech.tests.LoginTest" tests="2" failures="0" timestamp="2020-03-26T21:31:29 EDT" time="15.897" errors="0">
  <testcase name="loginPOMPatternNegative" time="6.137" classname="io.duotech.tests.LoginTest"/>
  <testcase name="loginPOMPattern" time="9.760" classname="io.duotech.tests.LoginTest"/>
</testsuite> <!-- io.duotech.tests.LoginTest -->
